This is pdfTeX, Version 3.1415926-2.5-1.40.14 (TeX Live 2013/Debian) (format=pdflatex 2015.3.10)  1 JUN 2015 11:03
entering extended mode
 restricted \write18 enabled.
 %&-line parsing enabled.
**notes.tex
(./notes.tex
LaTeX2e <2011/06/27>
Babel <3.9h> and hyphenation patterns for 2 languages loaded.
(/usr/share/texlive/texmf-dist/tex/latex/base/article.cls
Document Class: article 2007/10/19 v1.4h Standard LaTeX document class
(/usr/share/texlive/texmf-dist/tex/latex/base/size10.clo
File: size10.clo 2007/10/19 v1.4h Standard LaTeX file (size option)
)
\c@part=\count79
\c@section=\count80
\c@subsection=\count81
\c@subsubsection=\count82
\c@paragraph=\count83
\c@subparagraph=\count84
\c@figure=\count85
\c@table=\count86
\abovecaptionskip=\skip41
\belowcaptionskip=\skip42
\bibindent=\dimen102
)
(/usr/share/texlive/texmf-dist/tex/latex/url/url.sty
\Urlmuskip=\muskip10
Package: url 2013/09/16  ver 3.4  Verb mode for urls, etc.
)
(/usr/share/texlive/texmf-dist/tex/latex/graphics/graphicx.sty
Package: graphicx 1999/02/16 v1.0f Enhanced LaTeX Graphics (DPC,SPQR)

(/usr/share/texlive/texmf-dist/tex/latex/graphics/keyval.sty
Package: keyval 1999/03/16 v1.13 key=value parser (DPC)
\KV@toks@=\toks14
)
(/usr/share/texlive/texmf-dist/tex/latex/graphics/graphics.sty
Package: graphics 2009/02/05 v1.0o Standard LaTeX Graphics (DPC,SPQR)

(/usr/share/texlive/texmf-dist/tex/latex/graphics/trig.sty
Package: trig 1999/03/16 v1.09 sin cos tan (DPC)
)
(/usr/share/texlive/texmf-dist/tex/latex/latexconfig/graphics.cfg
File: graphics.cfg 2010/04/23 v1.9 graphics configuration of TeX Live
)
Package graphics Info: Driver file: pdftex.def on input line 91.

(/usr/share/texlive/texmf-dist/tex/latex/pdftex-def/pdftex.def
File: pdftex.def 2011/05/27 v0.06d Graphics/color for pdfTeX

(/usr/share/texlive/texmf-dist/tex/generic/oberdiek/infwarerr.sty
Package: infwarerr 2010/04/08 v1.3 Providing info/warning/error messages (HO)
)
(/usr/share/texlive/texmf-dist/tex/generic/oberdiek/ltxcmds.sty
Package: ltxcmds 2011/11/09 v1.22 LaTeX kernel commands for general use (HO)
)
\Gread@gobject=\count87
))
\Gin@req@height=\dimen103
\Gin@req@width=\dimen104
)

! LaTeX Error: File `overpic.sty' not found.

Type X to quit or <RETURN> to proceed,
or enter new name. (Default extension: sty)

Enter file name: 

! LaTeX Error: Unknown option `abs' for package `overpic'.

See the LaTeX manual or LaTeX Companion for explanation.
Type  H <return>  for immediate help.
 ...                                              
                                                  
l.6 \usepackage
               {pict2e}
? 

! LaTeX Error: File `pict2e.sty' not found.

Type X to quit or <RETURN> to proceed,
or enter new name. (Default extension: sty)

Enter file name: 
(/usr/share/texlive/texmf-dist/tex/latex/tools/xspace.sty
Package: xspace 2009/10/20 v1.13 Space after command names (DPC,MH)
)
(/usr/share/texlive/texmf-dist/tex/latex/amscls/amsthm.sty
Package: amsthm 2004/08/06 v2.20
\thm@style=\toks15
\thm@bodyfont=\toks16
\thm@headfont=\toks17
\thm@notefont=\toks18
\thm@headpunct=\toks19
\thm@preskip=\skip43
\thm@postskip=\skip44
\thm@headsep=\skip45
\dth@everypar=\toks20
)

! LaTeX Error: File `algorithm.sty' not found.

Type X to quit or <RETURN> to proceed,
or enter new name. (Default extension: sty)

Enter file name: 

! LaTeX Error: File `algpseudocode.sty' not found.

Type X to quit or <RETURN> to proceed,
or enter new name. (Default extension: sty)

Enter file name: 
! Undefined control sequence.
<recently read> \algtext 
                         
l.13 \algtext
             *{EndWhile}
? 

! LaTeX Error: Missing \begin{document}.

See the LaTeX manual or LaTeX Companion for explanation.
Type  H <return>  for immediate help.
 ...                                              
                                                  
l.13 \algtext*
              {EndWhile}
? 
! Undefined control sequence.
l.14 \algtext
             *{EndIf}
? 
! Undefined control sequence.
l.26 \algnewcommand
                   {\LineComment}[1]{\Statex \hskip\ALG@thistlm $//$ #1}
? 
! Undefined control sequence.
l.26 \algnewcommand{\LineComment
                                }[1]{\Statex \hskip\ALG@thistlm $//$ #1}
? 

! LaTeX Error: Missing \begin{document}.

See the LaTeX manual or LaTeX Companion for explanation.
Type  H <return>  for immediate help.
 ...                                              
                                                  
l.26 \algnewcommand{\LineComment}[
                                  1]{\Statex \hskip\ALG@thistlm $//$ #1}
? 
! Undefined control sequence.
l.26 \algnewcommand{\LineComment}[1]{\Statex
                                             \hskip\ALG@thistlm $//$ #1}
? 
! Undefined control sequence.
l.26 ...LineComment}[1]{\Statex \hskip\ALG@thistlm
                                                   $//$ #1}
? 
! Missing number, treated as zero.
<to be read again> 
                   $
l.26 ...neComment}[1]{\Statex \hskip\ALG@thistlm $
                                                  //$ #1}
? 
! Illegal unit of measure (pt inserted).
<to be read again> 
                   $
l.26 ...neComment}[1]{\Statex \hskip\ALG@thistlm $
                                                  //$ #1}
? 
LaTeX Font Info:    External font `cmex10' loaded for size
(Font)              <7> on input line 26.
LaTeX Font Info:    External font `cmex10' loaded for size
(Font)              <5> on input line 26.
! You can't use `macro parameter character #' in horizontal mode.
l.26 ...ment}[1]{\Statex \hskip\ALG@thistlm $//$ #
                                                  1}
? 
\c@theorem=\count88
\c@definition=\count89
\c@proposition=\count90
(./notes.aux)
\openout1 = `notes.aux'.

LaTeX Font Info:    Checking defaults for OML/cmm/m/it on input line 33.
LaTeX Font Info:    ... okay on input line 33.
LaTeX Font Info:    Checking defaults for T1/cmr/m/n on input line 33.
LaTeX Font Info:    ... okay on input line 33.
LaTeX Font Info:    Checking defaults for OT1/cmr/m/n on input line 33.
LaTeX Font Info:    ... okay on input line 33.
LaTeX Font Info:    Checking defaults for OMS/cmsy/m/n on input line 33.
LaTeX Font Info:    ... okay on input line 33.
LaTeX Font Info:    Checking defaults for OMX/cmex/m/n on input line 33.
LaTeX Font Info:    ... okay on input line 33.
LaTeX Font Info:    Checking defaults for U/cmr/m/n on input line 33.
LaTeX Font Info:    ... okay on input line 33.
 (/usr/share/texlive/texmf-dist/tex/context/base/supp-pdf.mkii
[Loading MPS to PDF converter (version 2006.09.02).]
\scratchcounter=\count91
\scratchdimen=\dimen105
\scratchbox=\box26
\nofMPsegments=\count92
\nofMParguments=\count93
\everyMPshowfont=\toks21
\MPscratchCnt=\count94
\MPscratchDim=\dimen106
\MPnumerator=\count95
\makeMPintoPDFobject=\count96
\everyMPtoPDFconversion=\toks22
) (/usr/share/texlive/texmf-dist/tex/generic/oberdiek/pdftexcmds.sty
Package: pdftexcmds 2011/11/29 v0.20 Utility functions of pdfTeX for LuaTeX (HO
)

(/usr/share/texlive/texmf-dist/tex/generic/oberdiek/ifluatex.sty
Package: ifluatex 2010/03/01 v1.3 Provides the ifluatex switch (HO)
Package ifluatex Info: LuaTeX not detected.
)
(/usr/share/texlive/texmf-dist/tex/generic/oberdiek/ifpdf.sty
Package: ifpdf 2011/01/30 v2.3 Provides the ifpdf switch (HO)
Package ifpdf Info: pdfTeX in PDF mode is detected.
)
Package pdftexcmds Info: LuaTeX not detected.
Package pdftexcmds Info: \pdf@primitive is available.
Package pdftexcmds Info: \pdf@ifprimitive is available.
Package pdftexcmds Info: \pdfdraftmode found.
)
(/usr/share/texlive/texmf-dist/tex/latex/oberdiek/epstopdf-base.sty
Package: epstopdf-base 2010/02/09 v2.5 Base part for package epstopdf

(/usr/share/texlive/texmf-dist/tex/latex/oberdiek/grfext.sty
Package: grfext 2010/08/19 v1.1 Manage graphics extensions (HO)

(/usr/share/texlive/texmf-dist/tex/generic/oberdiek/kvdefinekeys.sty
Package: kvdefinekeys 2011/04/07 v1.3 Define keys (HO)
))
(/usr/share/texlive/texmf-dist/tex/latex/oberdiek/kvoptions.sty
Package: kvoptions 2011/06/30 v3.11 Key value format for package options (HO)

(/usr/share/texlive/texmf-dist/tex/generic/oberdiek/kvsetkeys.sty
Package: kvsetkeys 2012/04/25 v1.16 Key value parser (HO)

(/usr/share/texlive/texmf-dist/tex/generic/oberdiek/etexcmds.sty
Package: etexcmds 2011/02/16 v1.5 Avoid name clashes with e-TeX commands (HO)
Package etexcmds Info: Could not find \expanded.
(etexcmds)             That can mean that you are not using pdfTeX 1.50 or
(etexcmds)             that some package has redefined \expanded.
(etexcmds)             In the latter case, load this package earlier.
)))
Package grfext Info: Graphics extension search list:
(grfext)             [.png,.pdf,.jpg,.mps,.jpeg,.jbig2,.jb2,.PNG,.PDF,.JPG,.JPE
G,.JBIG2,.JB2,.eps]
(grfext)             \AppendGraphicsExtensions on input line 452.

(/usr/share/texlive/texmf-dist/tex/latex/latexconfig/epstopdf-sys.cfg
File: epstopdf-sys.cfg 2010/07/13 v1.3 Configuration of (r)epstopdf for TeX Liv
e
))
[1

{/var/lib/texmf/fonts/map/pdftex/updmap/pdftex.map}]
LaTeX Font Info:    External font `cmex10' loaded for size
(Font)              <12> on input line 37.
LaTeX Font Info:    External font `cmex10' loaded for size
(Font)              <8> on input line 37.
LaTeX Font Info:    External font `cmex10' loaded for size
(Font)              <6> on input line 37.

Underfull \hbox (badness 10000) in paragraph at lines 41--42

 []


Underfull \hbox (badness 10000) in paragraph at lines 43--44

 []


Underfull \hbox (badness 10000) in paragraph at lines 45--46

 []


Underfull \hbox (badness 10000) in paragraph at lines 47--48

 []


Underfull \hbox (badness 10000) in paragraph at lines 49--50

 []


LaTeX Font Warning: Font shape `OT1/cmr/bx/sc' undefined
(Font)              using `OT1/cmr/bx/n' instead on input line 58.

[2]

! LaTeX Error: Environment algorithm undefined.

See the LaTeX manual or LaTeX Companion for explanation.
Type  H <return>  for immediate help.
 ...                                              
                                                  
l.68 \begin{algorithm}
                      
? 

! LaTeX Error: \caption outside float.

See the LaTeX manual or LaTeX Companion for explanation.
Type  H <return>  for immediate help.
 ...                                              
                                                  
l.69 \caption
             {Find an MCCC test set for faults $\F$ of circuit $\Phi$}
? 

! LaTeX Error: Environment algorithmic undefined.

See the LaTeX manual or LaTeX Companion for explanation.
Type  H <return>  for immediate help.
 ...                                              
                                                  
l.71 \begin{algorithmic}
                        [1]
? 
! Undefined control sequence.
l.72   \Procedure
                 {\MCCC}{$\Phi, \F$}
? 
! Undefined control sequence.
l.73   \State
              $G = $ choose one fault $f \in \F$
? 
! Undefined control sequence.
l.74   \State
              $S = \emptyset$
? 
! Undefined control sequence.
l.75   \State
              $m = 1$
? 
! Undefined control sequence.
l.76   \While
             {true}
? 
! Undefined control sequence.
l.77     \State
                $S$ = \textbf{testSet}($\Phi$, $G$, $m$) \Comment{\parbox[t]...

? 
! Undefined control sequence.
l.77 ...textbf{testSet}($\Phi$, $G$, $m$) \Comment
                                                  {\parbox[t]{.5\linewidth}{...

? 

Overfull \hbox (70.56958pt too wide) in paragraph at lines 69--78
\OT1/cmr/m/n/10 one fault $\OML/cmm/m/it/10 f \OMS/cmsy/m/n/10 2 F$ $\OML/cmm/m
/it/10 S \OT1/cmr/m/n/10 = \OMS/cmsy/m/n/10 ;$ $\OML/cmm/m/it/10 m \OT1/cmr/m/n
/10 = 1$ true $\OML/cmm/m/it/10 S$ \OT1/cmr/m/n/10 = \OT1/cmr/bx/n/10 test-Set\
OT1/cmr/m/n/10 ($^^H$, $\OML/cmm/m/it/10 G$\OT1/cmr/m/n/10 , $\OML/cmm/m/it/10 
m$\OT1/cmr/m/n/10 ) [] 
 []

! Undefined control sequence.
l.79     \If
            {$S == \emptyset$}
? 
! Undefined control sequence.
l.80         \State
                    $m = m + 1$
? 
! Undefined control sequence.
l.81         \State
                    $S$ = \textbf{testSet}($\Phi$, $G$, $m$)
? 
! Undefined control sequence.
l.82     \EndIf
               
? 
! Undefined control sequence.
l.83     \State
                $f$ = \textbf{undetected}($\Phi$, $\F\setminus G$, $S$) \Com...

? 
! Undefined control sequence.
l.83 ...ed}($\Phi$, $\F\setminus G$, $S$) \Comment
                                                  {\parbox[t]{.3\linewidth}{...

? 
! Undefined control sequence.
l.84     \If
            {$f$ == null}
? 
! Undefined control sequence.
l.85         \State
                    \textbf{break} \Comment{$S$ detects all faults in $\F$}
? 
! Undefined control sequence.
l.85         \State \textbf{break} \Comment
                                           {$S$ detects all faults in $\F$}
? 
! Undefined control sequence.
l.86     \Else
              
? 
! Undefined control sequence.
l.87         \State
                    $G$ = $G \bigcup \{f\}$
? 
! Undefined control sequence.
l.88     \EndIf
               
? 
! Undefined control sequence.
l.89     \EndWhile
                  
? 
! Undefined control sequence.
l.90     \State
                \textbf{return} $S$
? 
! Undefined control sequence.
l.91     \EndProcedure
                      
? 

! LaTeX Error: \begin{document} ended by \end{algorithmic}.

See the LaTeX manual or LaTeX Companion for explanation.
Type  H <return>  for immediate help.
 ...                                              
                                                  
l.92 \end{algorithmic}
                      
? 

! LaTeX Error: \begin{document} ended by \end{algorithm}.

See the LaTeX manual or LaTeX Companion for explanation.
Type  H <return>  for immediate help.
 ...                                              
                                                  
l.93 \end{algorithm}
                    
? 
[3]
Underfull \hbox (badness 10000) in paragraph at lines 102--103

 []


Underfull \hbox (badness 10000) in paragraph at lines 109--110

 []


LaTeX Warning: Citation `Larrabee92testpattern' on page 4 undefined on input li
ne 111.


LaTeX Warning: Citation `HuanChen_12_2013' on page 4 undefined on input line 11
1.


LaTeX Warning: Citation `HuanChen_12_2013' on page 4 undefined on input line 11
1.


Underfull \hbox (badness 10000) in paragraph at lines 111--112

 []


Underfull \hbox (badness 10000) in paragraph at lines 113--114

 []

[4]

! LaTeX Error: Environment overpic undefined.

See the LaTeX manual or LaTeX Companion for explanation.
Type  H <return>  for immediate help.
 ...                                              
                                                  
l.163 \begin{overpic}
                     [scale=0.5,unit=1mm]{atpg_circuit}
? 
! Missing $ inserted.
<inserted text> 
                $
l.163 \begin{overpic}[scale=0.5,unit=1mm]{atpg_
                                               circuit}
? 
! Extra }, or forgotten $.
l.163 ...verpic}[scale=0.5,unit=1mm]{atpg_circuit}
                                                  
? 
! Missing $ inserted.
<inserted text> 
                $
l.172 
      
? 
! You can't use `\raise' in internal vertical mode.
\put (#1,#2)#3->\@killglue \raise 
                                  #2\unitlength \hb@xt@ \z@ {\kern #1\unitle...
l.173     \put(11,50){$\bar{s_2}$}
                                  
? 
! Missing number, treated as zero.
<to be read again> 
                   \hbox 
l.173     \put(11,50){$\bar{s_2}$}
                                  
? 
! Illegal unit of measure (pt inserted).
<to be read again> 
                   \hbox 
l.173     \put(11,50){$\bar{s_2}$}
                                  
? 
! You can't use `\raise' in internal vertical mode.
\put (#1,#2)#3->\@killglue \raise 
                                  #2\unitlength \hb@xt@ \z@ {\kern #1\unitle...
l.182     \put(25, 30){$.$}
                           
? 
! Missing number, treated as zero.
<to be read again> 
                   \hbox 
l.182     \put(25, 30){$.$}
                           
? 
! Illegal unit of measure (pt inserted).
<to be read again> 
                   \hbox 
l.182     \put(25, 30){$.$}
                           
? 
! You can't use `\raise' in internal vertical mode.
\put (#1,#2)#3->\@killglue \raise 
                                  #2\unitlength \hb@xt@ \z@ {\kern #1\unitle...
l.187     \put(11,20){$\bar{s_k}$}
                                  
? 
! Missing number, treated as zero.
<to be read again> 
                   \hbox 
l.187     \put(11,20){$\bar{s_k}$}
                                  
? 
! Illegal unit of measure (pt inserted).
<to be read again> 
                   \hbox 
l.187     \put(11,20){$\bar{s_k}$}
                                  
? 
! You can't use `\raise' in internal vertical mode.
\put (#1,#2)#3->\@killglue \raise 
                                  #2\unitlength \hb@xt@ \z@ {\kern #1\unitle...
l.196     \put(82,34.5){$T^m_k$}
                                
? 
! Missing number, treated as zero.
<to be read again> 
                   \hbox 
l.196     \put(82,34.5){$T^m_k$}
                                
? 
! Illegal unit of measure (pt inserted).
<to be read again> 
                   \hbox 
l.196     \put(82,34.5){$T^m_k$}
                                
? 

! LaTeX Error: \begin{figure} on input line 159 ended by \end{overpic}.

See the LaTeX manual or LaTeX Companion for explanation.
Type  H <return>  for immediate help.
 ...                                              
                                                  
l.197 \end{overpic}
                   
? 
! Missing } inserted.
<inserted text> 
                }
l.197 \end{overpic}
                   
? 

! LaTeX Error: Environment overpic undefined.

See the LaTeX manual or LaTeX Companion for explanation.
Type  H <return>  for immediate help.
 ...                                              
                                                  
l.205 \begin{overpic}
                     [scale=0.5,unit=1mm]{subcircuit}
? 

! LaTeX Error: \begin{figure} on input line 203 ended by \end{overpic}.

See the LaTeX manual or LaTeX Companion for explanation.
Type  H <return>  for immediate help.
 ...                                              
                                                  
l.210 \end{overpic}
                   
? 

Underfull \hbox (badness 10000) in paragraph at lines 216--217

 []

[5]
Underfull \hbox (badness 10000) in paragraph at lines 218--219

 []


LaTeX Warning: Citation `Krishnamurthy:1984:CES:1907650.1907919' on page 6 unde
fined on input line 228.


Underfull \hbox (badness 10000) in paragraph at lines 228--229

 []


Underfull \hbox (badness 10000) in paragraph at lines 230--231

 []


LaTeX Warning: Citation `pomeranz93' on page 6 undefined on input line 232.


LaTeX Warning: Citation `10.1109/TEST.2013.6651914' on page 6 undefined on inpu
t line 232.


LaTeX Warning: Citation `5359362' on page 6 undefined on input line 232.


LaTeX Warning: Citation `6628311' on page 6 undefined on input line 232.


LaTeX Warning: Citation `DBLP:journals/it/EggersglussD14' on page 6 undefined o
n input line 232.


LaTeX Warning: Citation `6847807' on page 6 undefined on input line 232.


LaTeX Warning: Citation `10.1109/VLSID.2014.17' on page 6 undefined on input li
ne 232.


LaTeX Warning: Citation `conf/glvlsi/FloresNS99' on page 6 undefined on input l
ine 232.


Underfull \hbox (badness 10000) in paragraph at lines 232--233

 []


Underfull \hbox (badness 10000) in paragraph at lines 232--233

 []

[6]

LaTeX Warning: Citation `DBLP:conf/aspdac/Silva98' on page 7 undefined on input
 line 234.


Underfull \hbox (badness 10000) in paragraph at lines 234--235

 []


LaTeX Warning: Citation `10.1109/VLSID.2014.17' on page 7 undefined on input li
ne 237.


Underfull \hbox (badness 10000) in paragraph at lines 237--238

 []


LaTeX Warning: Citation `10.1109/VLSID.2014.17' on page 7 undefined on input li
ne 241.


LaTeX Warning: Citation `10.1109/VLSID.2014.17' on page 7 undefined on input li
ne 241.


Overfull \hbox (9.01224pt too wide) in paragraph at lines 241--242
\OT1/cmr/m/n/10 TIGUAN is a re-cent SAT-based ATPG tool that per-forms dy-namic
 com-paction [[]].
 []


LaTeX Warning: Citation `iscasTGPRO' on page 7 undefined on input line 243.


LaTeX Warning: Citation `fujita14' on page 7 undefined on input line 246.

[7]
Underfull \hbox (badness 10000) in paragraph at lines 252--253

 []


LaTeX Warning: Citation `czutro14' on page 8 undefined on input line 271.


LaTeX Warning: Citation `belov12' on page 8 undefined on input line 271.


LaTeX Warning: Citation `ignatiev13' on page 8 undefined on input line 271.

No file notes.bbl.
[8] (./notes.aux)

LaTeX Font Warning: Some font shapes were not available, defaults substituted.


LaTeX Warning: There were undefined references.

 ) 
Here is how much of TeX's memory you used:
 1767 strings out of 495028
 24823 string characters out of 6181497
 82089 words of memory out of 5000000
 4966 multiletter control sequences out of 15000+600000
 9863 words of font info for 34 fonts, out of 8000000 for 9000
 14 hyphenation exceptions out of 8191
 37i,8n,24p,2335b,189s stack positions out of 5000i,500n,10000p,200000b,80000s
</usr/share/texlive/texmf-dist/fonts/type1/public/amsfonts/cm/cmbx10.pfb></us
r/share/texlive/texmf-dist/fonts/type1/public/amsfonts/cm/cmbx12.pfb></usr/shar
e/texlive/texmf-dist/fonts/type1/public/amsfonts/cm/cmbx8.pfb></usr/share/texli
ve/texmf-dist/fonts/type1/public/amsfonts/cm/cmbxti10.pfb></usr/share/texlive/t
exmf-dist/fonts/type1/public/amsfonts/cm/cmcsc10.pfb></usr/share/texlive/texmf-
dist/fonts/type1/public/amsfonts/cm/cmex10.pfb></usr/share/texlive/texmf-dist/f
onts/type1/public/amsfonts/cm/cmmi10.pfb></usr/share/texlive/texmf-dist/fonts/t
ype1/public/amsfonts/cm/cmmi5.pfb></usr/share/texlive/texmf-dist/fonts/type1/pu
blic/amsfonts/cm/cmmi7.pfb></usr/share/texlive/texmf-dist/fonts/type1/public/am
sfonts/cm/cmr10.pfb></usr/share/texlive/texmf-dist/fonts/type1/public/amsfonts/
cm/cmr12.pfb></usr/share/texlive/texmf-dist/fonts/type1/public/amsfonts/cm/cmr1
7.pfb></usr/share/texlive/texmf-dist/fonts/type1/public/amsfonts/cm/cmr5.pfb></
usr/share/texlive/texmf-dist/fonts/type1/public/amsfonts/cm/cmr6.pfb></usr/shar
e/texlive/texmf-dist/fonts/type1/public/amsfonts/cm/cmr7.pfb></usr/share/texliv
e/texmf-dist/fonts/type1/public/amsfonts/cm/cmr8.pfb></usr/share/texlive/texmf-
dist/fonts/type1/public/amsfonts/cm/cmsy10.pfb></usr/share/texlive/texmf-dist/f
onts/type1/public/amsfonts/cm/cmsy7.pfb></usr/share/texlive/texmf-dist/fonts/ty
pe1/public/amsfonts/cm/cmti10.pfb></usr/share/texlive/texmf-dist/fonts/type1/pu
blic/amsfonts/cm/cmti8.pfb>
Output written on notes.pdf (8 pages, 234233 bytes).
PDF statistics:
 111 PDF objects out of 1000 (max. 8388607)
 80 compressed objects within 1 object stream
 0 named destinations out of 1000 (max. 500000)
 1 words of extra memory for PDF output out of 10000 (max. 10000000)

